<?xml version="1.0" encoding="UTF-8"?>
<!-- Generated by org.testng.reporters.JUnitXMLReporter -->
<testsuite hostname="DESKTOP-88S9RBJ" failures="0" tests="5" name="Default test" time="14.674" errors="0" timestamp="6 Apr 2021 21:35:33 GMT">
  <testcase classname="scenarios.SecondTestCase" name="newAccounts" time="1.197"/>
  <testcase classname="scenarios.SecondTestCase" name="newCustomerLink" time="0.617"/>
  <testcase classname="scenarios.SecondTestCase" name="newAccountDetailsAndTermsConditions" time="2.109"/>
  <testcase classname="scenarios.SecondTestCase" name="searchCriteria" time="2.203"/>
  <testcase classname="scenarios.SecondTestCase" name="validateEchoSupport" time="0.104"/>
</testsuite> <!-- Default test -->
