<?xml version="1.0" encoding="UTF-8"?>
<!-- Generated by org.testng.reporters.JUnitXMLReporter -->
<testsuite hostname="DESKTOP-88S9RBJ" failures="0" tests="5" name="Default test" time="14.743" errors="0" timestamp="6 Apr 2021 05:21:27 GMT">
  <testcase classname="scenarios.CellphoneScenario" name="phoneSearch" time="2.372"/>
  <testcase classname="scenarios.CellphoneScenario" name="getPrice" time="2.944"/>
  <testcase classname="scenarios.CellphoneScenario" name="validatePrices" time="2.201"/>
  <testcase classname="scenarios.CellphoneScenario" name="clickCartButton" time="2.501"/>
  <testcase classname="scenarios.CellphoneScenario" name="shopCartPageValidation" time="0.721"/>
</testsuite> <!-- Default test -->
