<?xml version="1.0" encoding="UTF-8"?>
<!-- Generated by org.testng.reporters.JUnitXMLReporter -->
<testsuite hostname="DESKTOP-88S9RBJ" failures="0" tests="10" name="Test" time="34.377" errors="0" timestamp="6 Apr 2021 21:48:54 GMT">
  <testcase classname="scenarios.FirstTestCase" name="phoneSearch" time="2.183"/>
  <testcase classname="scenarios.SecondTestCase" name="newAccounts" time="0.693"/>
  <testcase classname="scenarios.FirstTestCase" name="getPrice" time="3.141"/>
  <testcase classname="scenarios.SecondTestCase" name="newCustomerLink" time="0.397"/>
  <testcase classname="scenarios.FirstTestCase" name="validatePrices" time="1.46"/>
  <testcase classname="scenarios.SecondTestCase" name="newAccountDetailsAndTermsConditions" time="1.931"/>
  <testcase classname="scenarios.FirstTestCase" name="clickCartButton" time="2.097"/>
  <testcase classname="scenarios.SecondTestCase" name="searchCriteria" time="1.134"/>
  <testcase classname="scenarios.FirstTestCase" name="shopCartPageValidation" time="0.655"/>
  <testcase classname="scenarios.SecondTestCase" name="validateEchoSupport" time="0.118"/>
</testsuite> <!-- Test -->
