<?xml version="1.0" encoding="UTF-8"?>
<testng-results total="3" passed="2" failed="1" skipped="0">
  <reporter-output>
  </reporter-output>
  <suite started-at="2021-04-06T06:22:23Z" name="Default suite" finished-at="2021-04-06T06:22:29Z" duration-ms="6510">
    <groups>
    </groups>
    <test started-at="2021-04-06T06:22:23Z" name="Default test" finished-at="2021-04-06T06:22:29Z" duration-ms="6510">
      <class name="scenarios.SecondTestCase">
        <test-method is-config="true" signature="setUp()[pri:0, instance:scenarios.SecondTestCase@73e9cf30]" started-at="2021-04-06T01:22:23Z" name="setUp" finished-at="2021-04-06T01:22:28Z" duration-ms="5030" status="PASS">
          <reporter-output>
          </reporter-output>
        </test-method> <!-- setUp -->
        <test-method signature="newAccounts()[pri:0, instance:scenarios.SecondTestCase@73e9cf30]" started-at="2021-04-06T01:22:28Z" name="newAccounts" finished-at="2021-04-06T01:22:29Z" duration-ms="871" status="PASS">
          <reporter-output>
          </reporter-output>
        </test-method> <!-- newAccounts -->
        <test-method signature="newCustomerLink()[pri:0, instance:scenarios.SecondTestCase@73e9cf30]" started-at="2021-04-06T01:22:29Z" name="newCustomerLink" finished-at="2021-04-06T01:22:29Z" duration-ms="564" status="PASS">
          <reporter-output>
          </reporter-output>
        </test-method> <!-- newCustomerLink -->
        <test-method signature="newAccountDetails()[pri:0, instance:scenarios.SecondTestCase@73e9cf30]" started-at="2021-04-06T01:22:29Z" name="newAccountDetails" finished-at="2021-04-06T01:22:29Z" duration-ms="26" status="FAIL">
          <exception class="com.google.gson.JsonSyntaxException">
            <message>
              <![CDATA[com.google.gson.stream.MalformedJsonException: Use JsonReader.setLenient(true) to accept malformed JSON at line 1 column 6 path $]]>
            </message>
            <full-stacktrace>
              <![CDATA[com.google.gson.JsonSyntaxException: com.google.gson.stream.MalformedJsonException: Use JsonReader.setLenient(true) to accept malformed JSON at line 1 column 6 path $
	at com.google.gson.JsonParser.parseReader(JsonParser.java:66)
	at com.google.gson.JsonParser.parseString(JsonParser.java:47)
	at com.google.gson.JsonParser.parse(JsonParser.java:98)
	at services.JsonService.<init>(JsonService.java:13)
	at scenarios.SecondTestCase.newAccountDetails(SecondTestCase.java:64)
	at java.base/jdk.internal.reflect.NativeMethodAccessorImpl.invoke0(Native Method)
	at java.base/jdk.internal.reflect.NativeMethodAccessorImpl.invoke(NativeMethodAccessorImpl.java:64)
	at java.base/jdk.internal.reflect.DelegatingMethodAccessorImpl.invoke(DelegatingMethodAccessorImpl.java:43)
	at java.base/java.lang.reflect.Method.invoke(Method.java:564)
	at org.testng.internal.MethodInvocationHelper.invokeMethod(MethodInvocationHelper.java:80)
	at org.testng.internal.Invoker.invokeMethod(Invoker.java:714)
	at org.testng.internal.Invoker.invokeTestMethod(Invoker.java:901)
	at org.testng.internal.Invoker.invokeTestMethods(Invoker.java:1231)
	at org.testng.internal.TestMethodWorker.invokeTestMethods(TestMethodWorker.java:127)
	at org.testng.internal.TestMethodWorker.run(TestMethodWorker.java:111)
	at org.testng.TestRunner.privateRun(TestRunner.java:767)
	at org.testng.TestRunner.run(TestRunner.java:617)
	at org.testng.SuiteRunner.runTest(SuiteRunner.java:334)
	at org.testng.SuiteRunner.runSequentially(SuiteRunner.java:329)
	at org.testng.SuiteRunner.privateRun(SuiteRunner.java:291)
	at org.testng.SuiteRunner.run(SuiteRunner.java:240)
	at org.testng.SuiteRunnerWorker.runSuite(SuiteRunnerWorker.java:52)
	at org.testng.SuiteRunnerWorker.run(SuiteRunnerWorker.java:86)
	at org.testng.TestNG.runSuitesSequentially(TestNG.java:1198)
	at org.testng.TestNG.runSuitesLocally(TestNG.java:1123)
	at org.testng.TestNG.run(TestNG.java:1031)
	at org.testng.remote.AbstractRemoteTestNG.run(AbstractRemoteTestNG.java:115)
	at org.testng.remote.RemoteTestNG.initAndRun(RemoteTestNG.java:251)
	at org.testng.remote.RemoteTestNG.main(RemoteTestNG.java:77)
Caused by: com.google.gson.stream.MalformedJsonException: Use JsonReader.setLenient(true) to accept malformed JSON at line 1 column 6 path $
	at com.google.gson.stream.JsonReader.syntaxError(JsonReader.java:1564)
	at com.google.gson.stream.JsonReader.checkLenient(JsonReader.java:1405)
	at com.google.gson.stream.JsonReader.doPeek(JsonReader.java:543)
	at com.google.gson.stream.JsonReader.peek(JsonReader.java:426)
	at com.google.gson.JsonParser.parseReader(JsonParser.java:61)
	... 28 more
]]>
            </full-stacktrace>
          </exception> <!-- com.google.gson.JsonSyntaxException -->
          <reporter-output>
          </reporter-output>
        </test-method> <!-- newAccountDetails -->
      </class> <!-- scenarios.SecondTestCase -->
    </test> <!-- Default test -->
  </suite> <!-- Default suite -->
</testng-results>
